<?xml version="1.0" encoding="UTF-8"?>
<testsuite xmlns:xsi="http://www.w3.org/2001/XMLSchema-instance" xsi:noNamespaceSchemaLocation="https://maven.apache.org/surefire/maven-surefire-plugin/xsd/surefire-test-report.xsd" name="com.li.DemoApplicationTests" time="5.717" tests="1" errors="0" skipped="0" failures="0">
  <properties>
    <property name="sun.desktop" value="windows"/>
    <property name="awt.toolkit" value="sun.awt.windows.WToolkit"/>
    <property name="file.encoding.pkg" value="sun.io"/>
    <property name="java.specification.version" value="1.8"/>
    <property name="sun.cpu.isalist" value="amd64"/>
    <property name="sun.jnu.encoding" value="GBK"/>
    <property name="java.class.path" value="E:\IdeaProjects\物流管理系统\wuliu-master\demo\target\test-classes;E:\IdeaProjects\物流管理系统\wuliu-master\demo\target\classes;E:\MavenHome\repository\org\springframework\boot\spring-boot-starter-web\2.5.6\spring-boot-starter-web-2.5.6.jar;E:\MavenHome\repository\org\springframework\boot\spring-boot-starter\2.5.6\spring-boot-starter-2.5.6.jar;E:\MavenHome\repository\org\springframework\boot\spring-boot\2.5.6\spring-boot-2.5.6.jar;E:\MavenHome\repository\org\springframework\boot\spring-boot-starter-logging\2.5.6\spring-boot-starter-logging-2.5.6.jar;E:\MavenHome\repository\ch\qos\logback\logback-classic\1.2.6\logback-classic-1.2.6.jar;E:\MavenHome\repository\ch\qos\logback\logback-core\1.2.6\logback-core-1.2.6.jar;E:\MavenHome\repository\org\apache\logging\log4j\log4j-to-slf4j\2.14.1\log4j-to-slf4j-2.14.1.jar;E:\MavenHome\repository\org\apache\logging\log4j\log4j-api\2.14.1\log4j-api-2.14.1.jar;E:\MavenHome\repository\org\slf4j\jul-to-slf4j\1.7.32\jul-to-slf4j-1.7.32.jar;E:\MavenHome\repository\jakarta\annotation\jakarta.annotation-api\1.3.5\jakarta.annotation-api-1.3.5.jar;E:\MavenHome\repository\org\yaml\snakeyaml\1.28\snakeyaml-1.28.jar;E:\MavenHome\repository\org\springframework\boot\spring-boot-starter-json\2.5.6\spring-boot-starter-json-2.5.6.jar;E:\MavenHome\repository\com\fasterxml\jackson\core\jackson-databind\2.12.5\jackson-databind-2.12.5.jar;E:\MavenHome\repository\com\fasterxml\jackson\core\jackson-annotations\2.12.5\jackson-annotations-2.12.5.jar;E:\MavenHome\repository\com\fasterxml\jackson\core\jackson-core\2.12.5\jackson-core-2.12.5.jar;E:\MavenHome\repository\com\fasterxml\jackson\datatype\jackson-datatype-jdk8\2.12.5\jackson-datatype-jdk8-2.12.5.jar;E:\MavenHome\repository\com\fasterxml\jackson\datatype\jackson-datatype-jsr310\2.12.5\jackson-datatype-jsr310-2.12.5.jar;E:\MavenHome\repository\com\fasterxml\jackson\module\jackson-module-parameter-names\2.12.5\jackson-module-parameter-names-2.12.5.jar;E:\MavenHome\repository\org\springframework\boot\spring-boot-starter-tomcat\2.5.6\spring-boot-starter-tomcat-2.5.6.jar;E:\MavenHome\repository\org\apache\tomcat\embed\tomcat-embed-core\9.0.54\tomcat-embed-core-9.0.54.jar;E:\MavenHome\repository\org\apache\tomcat\embed\tomcat-embed-el\9.0.54\tomcat-embed-el-9.0.54.jar;E:\MavenHome\repository\org\apache\tomcat\embed\tomcat-embed-websocket\9.0.54\tomcat-embed-websocket-9.0.54.jar;E:\MavenHome\repository\org\springframework\spring-web\5.3.12\spring-web-5.3.12.jar;E:\MavenHome\repository\org\springframework\spring-beans\5.3.12\spring-beans-5.3.12.jar;E:\MavenHome\repository\org\springframework\spring-webmvc\5.3.12\spring-webmvc-5.3.12.jar;E:\MavenHome\repository\org\springframework\spring-aop\5.3.12\spring-aop-5.3.12.jar;E:\MavenHome\repository\org\springframework\spring-context\5.3.12\spring-context-5.3.12.jar;E:\MavenHome\repository\org\springframework\spring-expression\5.3.12\spring-expression-5.3.12.jar;E:\MavenHome\repository\org\projectlombok\lombok\1.18.22\lombok-1.18.22.jar;E:\MavenHome\repository\org\springframework\boot\spring-boot-starter-test\2.5.6\spring-boot-starter-test-2.5.6.jar;E:\MavenHome\repository\org\springframework\boot\spring-boot-test\2.5.6\spring-boot-test-2.5.6.jar;E:\MavenHome\repository\org\springframework\boot\spring-boot-test-autoconfigure\2.5.6\spring-boot-test-autoconfigure-2.5.6.jar;E:\MavenHome\repository\com\jayway\jsonpath\json-path\2.5.0\json-path-2.5.0.jar;E:\MavenHome\repository\net\minidev\json-smart\2.4.7\json-smart-2.4.7.jar;E:\MavenHome\repository\net\minidev\accessors-smart\2.4.7\accessors-smart-2.4.7.jar;E:\MavenHome\repository\org\ow2\asm\asm\9.1\asm-9.1.jar;E:\MavenHome\repository\org\slf4j\slf4j-api\1.7.32\slf4j-api-1.7.32.jar;E:\MavenHome\repository\jakarta\xml\bind\jakarta.xml.bind-api\2.3.3\jakarta.xml.bind-api-2.3.3.jar;E:\MavenHome\repository\jakarta\activation\jakarta.activation-api\1.2.2\jakarta.activation-api-1.2.2.jar;E:\MavenHome\repository\org\assertj\assertj-core\3.19.0\assertj-core-3.19.0.jar;E:\MavenHome\repository\org\hamcrest\hamcrest\2.2\hamcrest-2.2.jar;E:\MavenHome\repository\org\junit\jupiter\junit-jupiter\5.7.2\junit-jupiter-5.7.2.jar;E:\MavenHome\repository\org\junit\jupiter\junit-jupiter-api\5.7.2\junit-jupiter-api-5.7.2.jar;E:\MavenHome\repository\org\apiguardian\apiguardian-api\1.1.0\apiguardian-api-1.1.0.jar;E:\MavenHome\repository\org\opentest4j\opentest4j\1.2.0\opentest4j-1.2.0.jar;E:\MavenHome\repository\org\junit\platform\junit-platform-commons\1.7.2\junit-platform-commons-1.7.2.jar;E:\MavenHome\repository\org\junit\jupiter\junit-jupiter-params\5.7.2\junit-jupiter-params-5.7.2.jar;E:\MavenHome\repository\org\junit\jupiter\junit-jupiter-engine\5.7.2\junit-jupiter-engine-5.7.2.jar;E:\MavenHome\repository\org\junit\platform\junit-platform-engine\1.7.2\junit-platform-engine-1.7.2.jar;E:\MavenHome\repository\org\mockito\mockito-core\3.9.0\mockito-core-3.9.0.jar;E:\MavenHome\repository\net\bytebuddy\byte-buddy\1.10.22\byte-buddy-1.10.22.jar;E:\MavenHome\repository\net\bytebuddy\byte-buddy-agent\1.10.22\byte-buddy-agent-1.10.22.jar;E:\MavenHome\repository\org\objenesis\objenesis\3.2\objenesis-3.2.jar;E:\MavenHome\repository\org\mockito\mockito-junit-jupiter\3.9.0\mockito-junit-jupiter-3.9.0.jar;E:\MavenHome\repository\org\skyscreamer\jsonassert\1.5.0\jsonassert-1.5.0.jar;E:\MavenHome\repository\com\vaadin\external\google\android-json\0.0.20131108.vaadin1\android-json-0.0.20131108.vaadin1.jar;E:\MavenHome\repository\org\springframework\spring-core\5.3.12\spring-core-5.3.12.jar;E:\MavenHome\repository\org\springframework\spring-jcl\5.3.12\spring-jcl-5.3.12.jar;E:\MavenHome\repository\org\springframework\spring-test\5.3.12\spring-test-5.3.12.jar;E:\MavenHome\repository\org\xmlunit\xmlunit-core\2.8.3\xmlunit-core-2.8.3.jar;E:\MavenHome\repository\org\mybatis\spring\boot\mybatis-spring-boot-starter\2.2.0\mybatis-spring-boot-starter-2.2.0.jar;E:\MavenHome\repository\org\springframework\boot\spring-boot-starter-jdbc\2.5.6\spring-boot-starter-jdbc-2.5.6.jar;E:\MavenHome\repository\com\zaxxer\HikariCP\4.0.3\HikariCP-4.0.3.jar;E:\MavenHome\repository\org\springframework\spring-jdbc\5.3.12\spring-jdbc-5.3.12.jar;E:\MavenHome\repository\org\springframework\spring-tx\5.3.12\spring-tx-5.3.12.jar;E:\MavenHome\repository\org\mybatis\spring\boot\mybatis-spring-boot-autoconfigure\2.2.0\mybatis-spring-boot-autoconfigure-2.2.0.jar;E:\MavenHome\repository\org\mybatis\mybatis\3.5.7\mybatis-3.5.7.jar;E:\MavenHome\repository\org\mybatis\mybatis-spring\2.0.6\mybatis-spring-2.0.6.jar;E:\MavenHome\repository\com\baomidou\mybatis-plus-boot-starter\3.4.3.1\mybatis-plus-boot-starter-3.4.3.1.jar;E:\MavenHome\repository\com\baomidou\mybatis-plus\3.4.3.1\mybatis-plus-3.4.3.1.jar;E:\MavenHome\repository\com\baomidou\mybatis-plus-extension\3.4.3.1\mybatis-plus-extension-3.4.3.1.jar;E:\MavenHome\repository\com\baomidou\mybatis-plus-core\3.4.3.1\mybatis-plus-core-3.4.3.1.jar;E:\MavenHome\repository\com\baomidou\mybatis-plus-annotation\3.4.3.1\mybatis-plus-annotation-3.4.3.1.jar;E:\MavenHome\repository\com\github\jsqlparser\jsqlparser\4.0\jsqlparser-4.0.jar;E:\MavenHome\repository\org\springframework\boot\spring-boot-autoconfigure\2.5.6\spring-boot-autoconfigure-2.5.6.jar;E:\MavenHome\repository\com\alibaba\druid\1.2.3\druid-1.2.3.jar;E:\MavenHome\repository\mysql\mysql-connector-java\8.0.27\mysql-connector-java-8.0.27.jar;E:\MavenHome\repository\com\belerweb\pinyin4j\2.5.0\pinyin4j-2.5.0.jar;E:\MavenHome\repository\cn\hutool\hutool-all\5.7.15\hutool-all-5.7.15.jar;"/>
    <property name="java.vm.vendor" value="Oracle Corporation"/>
    <property name="sun.arch.data.model" value="64"/>
    <property name="user.variant" value=""/>
    <property name="java.vendor.url" value="http://java.oracle.com/"/>
    <property name="user.timezone" value="Asia/Shanghai"/>
    <property name="java.vm.specification.version" value="1.8"/>
    <property name="os.name" value="Windows 10"/>
    <property name="user.country" value="CN"/>
    <property name="sun.java.launcher" value="SUN_STANDARD"/>
    <property name="sun.boot.library.path" value="F:\soft\jdk\jre\bin"/>
    <property name="sun.java.command" value="C:\Users\master\AppData\Local\Temp\surefire4068863370668592108\surefirebooter4711740970424422079.jar C:\Users\master\AppData\Local\Temp\surefire4068863370668592108 2023-03-27T15-57-15_190-jvmRun1 surefire1676822340223866700tmp surefire_01398724364229548089tmp"/>
    <property name="surefire.test.class.path" value="E:\IdeaProjects\物流管理系统\wuliu-master\demo\target\test-classes;E:\IdeaProjects\物流管理系统\wuliu-master\demo\target\classes;E:\MavenHome\repository\org\springframework\boot\spring-boot-starter-web\2.5.6\spring-boot-starter-web-2.5.6.jar;E:\MavenHome\repository\org\springframework\boot\spring-boot-starter\2.5.6\spring-boot-starter-2.5.6.jar;E:\MavenHome\repository\org\springframework\boot\spring-boot\2.5.6\spring-boot-2.5.6.jar;E:\MavenHome\repository\org\springframework\boot\spring-boot-starter-logging\2.5.6\spring-boot-starter-logging-2.5.6.jar;E:\MavenHome\repository\ch\qos\logback\logback-classic\1.2.6\logback-classic-1.2.6.jar;E:\MavenHome\repository\ch\qos\logback\logback-core\1.2.6\logback-core-1.2.6.jar;E:\MavenHome\repository\org\apache\logging\log4j\log4j-to-slf4j\2.14.1\log4j-to-slf4j-2.14.1.jar;E:\MavenHome\repository\org\apache\logging\log4j\log4j-api\2.14.1\log4j-api-2.14.1.jar;E:\MavenHome\repository\org\slf4j\jul-to-slf4j\1.7.32\jul-to-slf4j-1.7.32.jar;E:\MavenHome\repository\jakarta\annotation\jakarta.annotation-api\1.3.5\jakarta.annotation-api-1.3.5.jar;E:\MavenHome\repository\org\yaml\snakeyaml\1.28\snakeyaml-1.28.jar;E:\MavenHome\repository\org\springframework\boot\spring-boot-starter-json\2.5.6\spring-boot-starter-json-2.5.6.jar;E:\MavenHome\repository\com\fasterxml\jackson\core\jackson-databind\2.12.5\jackson-databind-2.12.5.jar;E:\MavenHome\repository\com\fasterxml\jackson\core\jackson-annotations\2.12.5\jackson-annotations-2.12.5.jar;E:\MavenHome\repository\com\fasterxml\jackson\core\jackson-core\2.12.5\jackson-core-2.12.5.jar;E:\MavenHome\repository\com\fasterxml\jackson\datatype\jackson-datatype-jdk8\2.12.5\jackson-datatype-jdk8-2.12.5.jar;E:\MavenHome\repository\com\fasterxml\jackson\datatype\jackson-datatype-jsr310\2.12.5\jackson-datatype-jsr310-2.12.5.jar;E:\MavenHome\repository\com\fasterxml\jackson\module\jackson-module-parameter-names\2.12.5\jackson-module-parameter-names-2.12.5.jar;E:\MavenHome\repository\org\springframework\boot\spring-boot-starter-tomcat\2.5.6\spring-boot-starter-tomcat-2.5.6.jar;E:\MavenHome\repository\org\apache\tomcat\embed\tomcat-embed-core\9.0.54\tomcat-embed-core-9.0.54.jar;E:\MavenHome\repository\org\apache\tomcat\embed\tomcat-embed-el\9.0.54\tomcat-embed-el-9.0.54.jar;E:\MavenHome\repository\org\apache\tomcat\embed\tomcat-embed-websocket\9.0.54\tomcat-embed-websocket-9.0.54.jar;E:\MavenHome\repository\org\springframework\spring-web\5.3.12\spring-web-5.3.12.jar;E:\MavenHome\repository\org\springframework\spring-beans\5.3.12\spring-beans-5.3.12.jar;E:\MavenHome\repository\org\springframework\spring-webmvc\5.3.12\spring-webmvc-5.3.12.jar;E:\MavenHome\repository\org\springframework\spring-aop\5.3.12\spring-aop-5.3.12.jar;E:\MavenHome\repository\org\springframework\spring-context\5.3.12\spring-context-5.3.12.jar;E:\MavenHome\repository\org\springframework\spring-expression\5.3.12\spring-expression-5.3.12.jar;E:\MavenHome\repository\org\projectlombok\lombok\1.18.22\lombok-1.18.22.jar;E:\MavenHome\repository\org\springframework\boot\spring-boot-starter-test\2.5.6\spring-boot-starter-test-2.5.6.jar;E:\MavenHome\repository\org\springframework\boot\spring-boot-test\2.5.6\spring-boot-test-2.5.6.jar;E:\MavenHome\repository\org\springframework\boot\spring-boot-test-autoconfigure\2.5.6\spring-boot-test-autoconfigure-2.5.6.jar;E:\MavenHome\repository\com\jayway\jsonpath\json-path\2.5.0\json-path-2.5.0.jar;E:\MavenHome\repository\net\minidev\json-smart\2.4.7\json-smart-2.4.7.jar;E:\MavenHome\repository\net\minidev\accessors-smart\2.4.7\accessors-smart-2.4.7.jar;E:\MavenHome\repository\org\ow2\asm\asm\9.1\asm-9.1.jar;E:\MavenHome\repository\org\slf4j\slf4j-api\1.7.32\slf4j-api-1.7.32.jar;E:\MavenHome\repository\jakarta\xml\bind\jakarta.xml.bind-api\2.3.3\jakarta.xml.bind-api-2.3.3.jar;E:\MavenHome\repository\jakarta\activation\jakarta.activation-api\1.2.2\jakarta.activation-api-1.2.2.jar;E:\MavenHome\repository\org\assertj\assertj-core\3.19.0\assertj-core-3.19.0.jar;E:\MavenHome\repository\org\hamcrest\hamcrest\2.2\hamcrest-2.2.jar;E:\MavenHome\repository\org\junit\jupiter\junit-jupiter\5.7.2\junit-jupiter-5.7.2.jar;E:\MavenHome\repository\org\junit\jupiter\junit-jupiter-api\5.7.2\junit-jupiter-api-5.7.2.jar;E:\MavenHome\repository\org\apiguardian\apiguardian-api\1.1.0\apiguardian-api-1.1.0.jar;E:\MavenHome\repository\org\opentest4j\opentest4j\1.2.0\opentest4j-1.2.0.jar;E:\MavenHome\repository\org\junit\platform\junit-platform-commons\1.7.2\junit-platform-commons-1.7.2.jar;E:\MavenHome\repository\org\junit\jupiter\junit-jupiter-params\5.7.2\junit-jupiter-params-5.7.2.jar;E:\MavenHome\repository\org\junit\jupiter\junit-jupiter-engine\5.7.2\junit-jupiter-engine-5.7.2.jar;E:\MavenHome\repository\org\junit\platform\junit-platform-engine\1.7.2\junit-platform-engine-1.7.2.jar;E:\MavenHome\repository\org\mockito\mockito-core\3.9.0\mockito-core-3.9.0.jar;E:\MavenHome\repository\net\bytebuddy\byte-buddy\1.10.22\byte-buddy-1.10.22.jar;E:\MavenHome\repository\net\bytebuddy\byte-buddy-agent\1.10.22\byte-buddy-agent-1.10.22.jar;E:\MavenHome\repository\org\objenesis\objenesis\3.2\objenesis-3.2.jar;E:\MavenHome\repository\org\mockito\mockito-junit-jupiter\3.9.0\mockito-junit-jupiter-3.9.0.jar;E:\MavenHome\repository\org\skyscreamer\jsonassert\1.5.0\jsonassert-1.5.0.jar;E:\MavenHome\repository\com\vaadin\external\google\android-json\0.0.20131108.vaadin1\android-json-0.0.20131108.vaadin1.jar;E:\MavenHome\repository\org\springframework\spring-core\5.3.12\spring-core-5.3.12.jar;E:\MavenHome\repository\org\springframework\spring-jcl\5.3.12\spring-jcl-5.3.12.jar;E:\MavenHome\repository\org\springframework\spring-test\5.3.12\spring-test-5.3.12.jar;E:\MavenHome\repository\org\xmlunit\xmlunit-core\2.8.3\xmlunit-core-2.8.3.jar;E:\MavenHome\repository\org\mybatis\spring\boot\mybatis-spring-boot-starter\2.2.0\mybatis-spring-boot-starter-2.2.0.jar;E:\MavenHome\repository\org\springframework\boot\spring-boot-starter-jdbc\2.5.6\spring-boot-starter-jdbc-2.5.6.jar;E:\MavenHome\repository\com\zaxxer\HikariCP\4.0.3\HikariCP-4.0.3.jar;E:\MavenHome\repository\org\springframework\spring-jdbc\5.3.12\spring-jdbc-5.3.12.jar;E:\MavenHome\repository\org\springframework\spring-tx\5.3.12\spring-tx-5.3.12.jar;E:\MavenHome\repository\org\mybatis\spring\boot\mybatis-spring-boot-autoconfigure\2.2.0\mybatis-spring-boot-autoconfigure-2.2.0.jar;E:\MavenHome\repository\org\mybatis\mybatis\3.5.7\mybatis-3.5.7.jar;E:\MavenHome\repository\org\mybatis\mybatis-spring\2.0.6\mybatis-spring-2.0.6.jar;E:\MavenHome\repository\com\baomidou\mybatis-plus-boot-starter\3.4.3.1\mybatis-plus-boot-starter-3.4.3.1.jar;E:\MavenHome\repository\com\baomidou\mybatis-plus\3.4.3.1\mybatis-plus-3.4.3.1.jar;E:\MavenHome\repository\com\baomidou\mybatis-plus-extension\3.4.3.1\mybatis-plus-extension-3.4.3.1.jar;E:\MavenHome\repository\com\baomidou\mybatis-plus-core\3.4.3.1\mybatis-plus-core-3.4.3.1.jar;E:\MavenHome\repository\com\baomidou\mybatis-plus-annotation\3.4.3.1\mybatis-plus-annotation-3.4.3.1.jar;E:\MavenHome\repository\com\github\jsqlparser\jsqlparser\4.0\jsqlparser-4.0.jar;E:\MavenHome\repository\org\springframework\boot\spring-boot-autoconfigure\2.5.6\spring-boot-autoconfigure-2.5.6.jar;E:\MavenHome\repository\com\alibaba\druid\1.2.3\druid-1.2.3.jar;E:\MavenHome\repository\mysql\mysql-connector-java\8.0.27\mysql-connector-java-8.0.27.jar;E:\MavenHome\repository\com\belerweb\pinyin4j\2.5.0\pinyin4j-2.5.0.jar;E:\MavenHome\repository\cn\hutool\hutool-all\5.7.15\hutool-all-5.7.15.jar;"/>
    <property name="sun.cpu.endian" value="little"/>
    <property name="user.home" value="C:\Users\master"/>
    <property name="user.language" value="zh"/>
    <property name="java.specification.vendor" value="Oracle Corporation"/>
    <property name="java.home" value="F:\soft\jdk\jre"/>
    <property name="basedir" value="E:\IdeaProjects\物流管理系统\wuliu-master\demo"/>
    <property name="file.separator" value="\"/>
    <property name="line.separator" value="&#10;"/>
    <property name="java.vm.specification.vendor" value="Oracle Corporation"/>
    <property name="java.specification.name" value="Java Platform API Specification"/>
    <property name="java.awt.graphicsenv" value="sun.awt.Win32GraphicsEnvironment"/>
    <property name="idea.version2020.1.3" value="true"/>
    <property name="surefire.real.class.path" value="C:\Users\master\AppData\Local\Temp\surefire4068863370668592108\surefirebooter4711740970424422079.jar"/>
    <property name="sun.boot.class.path" value="F:\soft\jdk\jre\lib\resources.jar;F:\soft\jdk\jre\lib\rt.jar;F:\soft\jdk\jre\lib\sunrsasign.jar;F:\soft\jdk\jre\lib\jsse.jar;F:\soft\jdk\jre\lib\jce.jar;F:\soft\jdk\jre\lib\charsets.jar;F:\soft\jdk\jre\lib\jfr.jar;F:\soft\jdk\jre\classes"/>
    <property name="user.script" value=""/>
    <property name="sun.management.compiler" value="HotSpot 64-Bit Tiered Compilers"/>
    <property name="java.runtime.version" value="1.8.0_261-b12"/>
    <property name="user.name" value="master"/>
    <property name="path.separator" value=";"/>
    <property name="os.version" value="10.0"/>
    <property name="java.endorsed.dirs" value="F:\soft\jdk\jre\lib\endorsed"/>
    <property name="java.runtime.name" value="Java(TM) SE Runtime Environment"/>
    <property name="file.encoding" value="GBK"/>
    <property name="java.vm.name" value="Java HotSpot(TM) 64-Bit Server VM"/>
    <property name="localRepository" value="E:\MavenHome\repository"/>
    <property name="java.vendor.url.bug" value="http://bugreport.sun.com/bugreport/"/>
    <property name="java.io.tmpdir" value="C:\Users\master\AppData\Local\Temp\"/>
    <property name="java.version" value="1.8.0_261"/>
    <property name="user.dir" value="E:\IdeaProjects\物流管理系统\wuliu-master\demo"/>
    <property name="os.arch" value="amd64"/>
    <property name="java.vm.specification.name" value="Java Virtual Machine Specification"/>
    <property name="java.awt.printerjob" value="sun.awt.windows.WPrinterJob"/>
    <property name="sun.os.patch.level" value=""/>
    <property name="java.library.path" value="F:\soft\jdk\jre\bin;C:\WINDOWS\Sun\Java\bin;C:\WINDOWS\system32;C:\WINDOWS;C:\Program Files\NVIDIA GPU Computing Toolkit\CUDA\v10.1\bin;C:\Program Files\NVIDIA GPU Computing Toolkit\CUDA\v10.1\libnvvp;C:\Program Files (x86)\Common Files\Oracle\Java\javapath;C:\WINDOWS\system32;C:\WINDOWS;C:\WINDOWS\System32\Wbem;C:\WINDOWS\System32\WindowsPowerShell\v1.0\;C:\WINDOWS\System32\OpenSSH\;C:\Program Files (x86)\Microsoft SQL Server\Client SDK\ODBC\130\Tools\Binn\;C:\Program Files (x86)\Microsoft SQL Server\130\Tools\Binn\;C:\Program Files (x86)\Microsoft SQL Server\130\DTS\Binn\;C:\Program Files (x86)\Microsoft SQL Server\130\Tools\Binn\ManagementStudio\;C:\Program Files\nodejs\;C:\Program Files\Java\jdk1.8.0_261\bin\;C:\Program Files\Java\jdk1.8.0_261\jre\bin\;E:\apache-maven-3.6.3\bin\;C:\Program Files\Git\cmd;C:\redis;D:\xampp\php;C:\composer;F:\soft\db-derby-10.14.2.0-bin\bin;C:\Program Files\NVIDIA Corporation\Nsight Compute 2019.3.0\;C:\Program Files (x86)\NVIDIA Corporation\PhysX\Common;C:\Program Files\cuda\bin;C:\Program Files\NVIDIA Corporation\NVSMI;F:\soft\kafka-eagle-bin-3.0.1\efak-web-3.0.1\bin;C:\Users\master\AppData\Local\Programs\Python\Python37\Scripts\;C:\Users\master\AppData\Local\Programs\Python\Python37\;C:\Users\master\AppData\Local\Programs\Python\Python39\Scripts\;C:\Users\master\AppData\Local\Programs\Python\Python39\;C:\Users\master\AppData\Local\Microsoft\WindowsApps;C:\Users\master\AppData\Local\Programs\Microsoft VS Code\bin;C:\Users\master\AppData\Roaming\npm;F:\soft\PyCharm Community Edition 2020.2.3\bin;;C:\Users\master\AppData\Local\Programs\Python\Python35\Scripts\;C:\Users\master\AppData\Local\Programs\Python\Python35\;C:\Users\master\AppData\Roaming\Composer\vendor\bin;C:\Python27\Scripts\;C:\Python27\;;."/>
    <property name="java.vm.info" value="mixed mode"/>
    <property name="java.vendor" value="Oracle Corporation"/>
    <property name="java.vm.version" value="25.261-b12"/>
    <property name="java.ext.dirs" value="F:\soft\jdk\jre\lib\ext;C:\WINDOWS\Sun\Java\lib\ext"/>
    <property name="sun.io.unicode.encoding" value="UnicodeLittle"/>
    <property name="maven.repo.local" value="E:\MavenHome\repository"/>
    <property name="java.class.version" value="52.0"/>
  </properties>
  <testcase name="contextLoads" classname="com.li.DemoApplicationTests" time="0.568"/>
</testsuite>